Flutter crash report; please file at https://github.com/flutter/flutter/issues.

## command

flutter --no-color clean

## exception

YamlException: Error on line 34, column 4: Expected a key while parsing a block mapping.
   ╷
34 │    assets:
   │    ^
   ╵

```
#0      Parser._parseBlockMappingKey (package:yaml/src/parser.dart:448:5)
#1      Parser._stateMachine (package:yaml/src/parser.dart:86:16)
#2      Parser.parse (package:yaml/src/parser.dart:47:19)
#3      Loader._loadMapping (package:yaml/src/loader.dart:171:23)
#4      Loader._loadNode (package:yaml/src/loader.dart:86:16)
#5      Loader._loadMapping (package:yaml/src/loader.dart:165:19)
#6      Loader._loadNode (package:yaml/src/loader.dart:86:16)
#7      Loader._loadDocument (package:yaml/src/loader.dart:62:20)
#8      Loader.load (package:yaml/src/loader.dart:54:20)
#9      loadYamlDocument (package:yaml/yaml.dart:51:25)
#10     loadYamlNode (package:yaml/yaml.dart:42:5)
#11     loadYaml (package:yaml/yaml.dart:34:5)
#12     FlutterManifest.createFromString (package:flutter_tools/src/flutter_manifest.dart:40:28)
<asynchronous suspension>
#13     FlutterManifest.createFromPath (package:flutter_tools/src/flutter_manifest.dart:34:12)
<asynchronous suspension>
#14     FlutterProject._readManifest (package:flutter_tools/src/project.dart:153:60)
<asynchronous suspension>
#15     FlutterProject.fromDirectory (package:flutter_tools/src/project.dart:47:51)
<asynchronous suspension>
#16     FlutterProject.current (package:flutter_tools/src/project.dart:55:46)
#17     CleanCommand.runCommand (package:flutter_tools/src/commands/clean.dart:30:64)
<asynchronous suspension>
#18     FlutterCommand.verifyThenRunCommand (package:flutter_tools/src/runner/flutter_command.dart:559:18)
#19     _asyncThenWrapperHelper.<anonymous closure> (dart:async-patch/async_patch.dart:77:64)
#20     _rootRunUnary (dart:async/zone.dart:1132:38)
#21     _CustomZone.runUnary (dart:async/zone.dart:1029:19)
#22     _FutureListener.handleValue (dart:async/future_impl.dart:126:18)
#23     Future._propagateToListeners.handleValueCallback (dart:async/future_impl.dart:639:45)
#24     Future._propagateToListeners (dart:async/future_impl.dart:668:32)
#25     Future._complete (dart:async/future_impl.dart:473:7)
#26     _SyncCompleter.complete (dart:async/future_impl.dart:51:12)
#27     _AsyncAwaitCompleter.complete.<anonymous closure> (dart:async-patch/async_patch.dart:33:20)
#28     _rootRun (dart:async/zone.dart:1124:13)
#29     _CustomZone.run (dart:async/zone.dart:1021:19)
#30     _CustomZone.bindCallback.<anonymous closure> (dart:async/zone.dart:947:23)
#31     _microtaskLoop (dart:async/schedule_microtask.dart:41:21)
#32     _startMicrotaskLoop (dart:async/schedule_microtask.dart:50:5)
#33     _runPendingImmediateCallback (dart:isolate-patch/isolate_patch.dart:115:13)
#34     _RawReceivePortImpl._handleMessage (dart:isolate-patch/isolate_patch.dart:172:5)
```

## flutter doctor

```
[✓] Flutter (Channel beta, v1.5.4-hotfix.2, on Mac OS X 10.14.5 18F132, locale ru-RU)
    • Flutter version 1.5.4-hotfix.2 at /Users/baihu92/Development/flutter
    • Framework revision 7a4c33425d (5 недель назад), 2019-04-29 11:05:24 -0700
    • Engine revision 52c7a1e849
    • Dart version 2.3.0 (build 2.3.0-dev.0.5 a1668566e5)

[✓] Android toolchain - develop for Android devices (Android SDK version 28.0.3)
    • Android SDK at /Users/baihu92/Library/Android/sdk
    • Android NDK location not configured (optional; useful for native profiling support)
    • Platform android-28, build-tools 28.0.3
    • Java binary at: /Applications/Android Studio.app/Contents/jre/jdk/Contents/Home/bin/java
    • Java version OpenJDK Runtime Environment (build 1.8.0_152-release-1343-b01)
    • All Android licenses accepted.

[✓] iOS toolchain - develop for iOS devices (Xcode 10.2.1)
    • Xcode at /Applications/Xcode.app/Contents/Developer
    • Xcode 10.2.1, Build version 10E1001
    • ios-deploy 1.9.4
    • CocoaPods version 1.6.1

[✓] Android Studio (version 3.4)
    • Android Studio at /Applications/Android Studio.app/Contents
    • Flutter plugin version 35.3.1
    • Dart plugin version 183.6270
    • Java version OpenJDK Runtime Environment (build 1.8.0_152-release-1343-b01)

[✓] IntelliJ IDEA Community Edition (version 2019.1.2)
    • IntelliJ at /Applications/IntelliJ IDEA CE.app
    • Flutter plugin version 35.3.3
    • Dart plugin version 191.7221

[✓] VS Code (version 1.34.0)
    • VS Code at /Applications/Visual Studio Code.app/Contents
    • Flutter extension version 3.0.2

[✓] Connected device (1 available)
    • Redmi 4X • 872b94337d74 • android-arm64 • Android 7.1.2 (API 25)

• No issues found!
```
